<?xml version="1.0" encoding="UTF-8"?>
<!-- Generated by org.testng.reporters.JUnitXMLReporter -->
<testsuite ignored="0" hostname="DESKTOP-TRGGSFM" failures="0" tests="10" name="Default test" time="135.036" errors="0" timestamp="2024-08-29T18:10:07 IST">
  <testcase classname="test_classes.shardaaaaa" name="TESTCASES71" time="10.712"/>
  <testcase classname="test_classes.shardaaaaa" name="TESTCASES72" time="9.856"/>
  <testcase classname="test_classes.shardaaaaa" name="TESTCASES73" time="10.097"/>
  <testcase classname="test_classes.shardaaaaa" name="TESTCASES74" time="10.302"/>
  <testcase classname="test_classes.shardaaaaa" name="TESTCASES75" time="9.81"/>
  <testcase classname="test_classes.shardaaaaa" name="TESTCASES76" time="9.973"/>
  <testcase classname="test_classes.shardaaaaa" name="TESTCASES77" time="10.169"/>
  <testcase classname="test_classes.shardaaaaa" name="TESTCASES78" time="9.861"/>
  <testcase classname="test_classes.shardaaaaa" name="TESTCASES79" time="10.08"/>
  <testcase classname="test_classes.shardaaaaa" name="TESTCASES80" time="10.192"/>
</testsuite> <!-- Default test -->
