<?xml version="1.0" encoding="UTF-8"?>
<!-- Generated by org.testng.reporters.JUnitXMLReporter -->
<testsuite ignored="0" hostname="DESKTOP-TRGGSFM" failures="0" tests="79" name="Default test" time="723.025" errors="0" timestamp="2024-08-30T15:25:48 IST">
  <testcase classname="test_classes.shardaaaaa" name="TESTCASES1" time="1.25"/>
  <testcase classname="test_classes.shardaaaaa" name="TESTCASES2" time="1.115"/>
  <testcase classname="test_classes.shardaaaaa" name="TESTCASES3" time="1.12"/>
  <testcase classname="test_classes.shardaaaaa" name="TESTCASES4" time="1.106"/>
  <testcase classname="test_classes.shardaaaaa" name="TESTCASES5" time="1.247"/>
  <testcase classname="test_classes.shardaaaaa" name="TESTCASES6" time="1.034"/>
  <testcase classname="test_classes.shardaaaaa" name="TESTCASES7" time="1.241"/>
  <testcase classname="test_classes.shardaaaaa" name="TESTCASES8" time="1.181"/>
  <testcase classname="test_classes.shardaaaaa" name="TESTCASES9" time="1.165"/>
  <testcase classname="test_classes.shardaaaaa" name="TESTCASES10" time="1.26"/>
  <testcase classname="test_classes.shardaaaaa" name="TESTCASES11" time="1.242"/>
  <testcase classname="test_classes.shardaaaaa" name="TESTCASES12" time="5.67"/>
  <testcase classname="test_classes.shardaaaaa" name="TESTCASES13" time="5.324"/>
  <testcase classname="test_classes.shardaaaaa" name="TESTCASES14" time="5.651"/>
  <testcase classname="test_classes.shardaaaaa" name="TESTCASES15" time="5.245"/>
  <testcase classname="test_classes.shardaaaaa" name="TESTCASES16" time="5.701"/>
  <testcase classname="test_classes.shardaaaaa" name="TESTCASES17" time="5.508"/>
  <testcase classname="test_classes.shardaaaaa" name="TESTCASES18" time="5.179"/>
  <testcase classname="test_classes.shardaaaaa" name="TESTCASES19" time="5.53"/>
  <testcase classname="test_classes.shardaaaaa" name="TESTCASES20" time="5.403"/>
  <testcase classname="test_classes.shardaaaaa" name="TESTCASES21" time="5.566"/>
  <testcase classname="test_classes.shardaaaaa" name="TESTCASES22" time="5.706"/>
  <testcase classname="test_classes.shardaaaaa" name="TESTCASES23" time="1.179"/>
  <testcase classname="test_classes.shardaaaaa" name="TESTCASES24" time="0.575"/>
  <testcase classname="test_classes.shardaaaaa" name="TESTCASES25" time="1.324"/>
  <testcase classname="test_classes.shardaaaaa" name="TESTCASES27" time="0.559"/>
  <testcase classname="test_classes.shardaaaaa" name="TESTCASES28" time="4.837"/>
  <testcase classname="test_classes.shardaaaaa" name="TESTCASES29" time="6.799"/>
  <testcase classname="test_classes.shardaaaaa" name="TESTCASES30" time="1.771"/>
  <testcase classname="test_classes.shardaaaaa" name="TESTCASES31" time="8.23"/>
  <testcase classname="test_classes.shardaaaaa" name="TESTCASES32" time="9.629"/>
  <testcase classname="test_classes.shardaaaaa" name="TESTCASES33" time="2.992"/>
  <testcase classname="test_classes.shardaaaaa" name="TESTCASES34" time="2.269"/>
  <testcase classname="test_classes.shardaaaaa" name="TESTCASES35" time="2.618"/>
  <testcase classname="test_classes.shardaaaaa" name="TESTCASES36" time="2.865"/>
  <testcase classname="test_classes.shardaaaaa" name="TESTCASES37" time="5.787"/>
  <testcase classname="test_classes.shardaaaaa" name="TESTCASES38" time="5.938"/>
  <testcase classname="test_classes.shardaaaaa" name="TESTCASES39" time="5.812"/>
  <testcase classname="test_classes.shardaaaaa" name="TESTCASES40" time="5.85"/>
  <testcase classname="test_classes.shardaaaaa" name="TESTCASES41" time="5.793"/>
  <testcase classname="test_classes.shardaaaaa" name="TESTCASES42" time="5.763"/>
  <testcase classname="test_classes.shardaaaaa" name="TESTCASES43" time="5.683"/>
  <testcase classname="test_classes.shardaaaaa" name="TESTCASES44" time="5.856"/>
  <testcase classname="test_classes.shardaaaaa" name="TESTCASES45" time="5.78"/>
  <testcase classname="test_classes.shardaaaaa" name="TESTCASES46" time="5.843"/>
  <testcase classname="test_classes.shardaaaaa" name="TESTCASES47" time="5.678"/>
  <testcase classname="test_classes.shardaaaaa" name="TESTCASES48" time="10.177"/>
  <testcase classname="test_classes.shardaaaaa" name="TESTCASES49" time="10.244"/>
  <testcase classname="test_classes.shardaaaaa" name="TESTCASES50" time="10.093"/>
  <testcase classname="test_classes.shardaaaaa" name="TESTCASES51" time="10.293"/>
  <testcase classname="test_classes.shardaaaaa" name="TESTCASES52" time="9.829"/>
  <testcase classname="test_classes.shardaaaaa" name="TESTCASES53" time="10.264"/>
  <testcase classname="test_classes.shardaaaaa" name="TESTCASES54" time="10.055"/>
  <testcase classname="test_classes.shardaaaaa" name="TESTCASES55" time="10.167"/>
  <testcase classname="test_classes.shardaaaaa" name="TESTCASES56" time="10.041"/>
  <testcase classname="test_classes.shardaaaaa" name="TESTCASES57" time="9.868"/>
  <testcase classname="test_classes.shardaaaaa" name="TESTCASES58" time="10.06"/>
  <testcase classname="test_classes.shardaaaaa" name="TESTCASES59" time="5.619"/>
  <testcase classname="test_classes.shardaaaaa" name="TESTCASES60" time="5.761"/>
  <testcase classname="test_classes.shardaaaaa" name="TESTCASES61" time="5.852"/>
  <testcase classname="test_classes.shardaaaaa" name="TESTCASES62" time="5.769"/>
  <testcase classname="test_classes.shardaaaaa" name="TESTCASES63" time="5.718"/>
  <testcase classname="test_classes.shardaaaaa" name="TESTCASES64" time="5.666"/>
  <testcase classname="test_classes.shardaaaaa" name="TESTCASES65" time="5.831"/>
  <testcase classname="test_classes.shardaaaaa" name="TESTCASES66" time="5.78"/>
  <testcase classname="test_classes.shardaaaaa" name="TESTCASES67" time="5.854"/>
  <testcase classname="test_classes.shardaaaaa" name="TESTCASES68" time="5.979"/>
  <testcase classname="test_classes.shardaaaaa" name="TESTCASES69" time="5.928"/>
  <testcase classname="test_classes.shardaaaaa" name="TESTCASES70" time="9.936"/>
  <testcase classname="test_classes.shardaaaaa" name="TESTCASES71" time="10.376"/>
  <testcase classname="test_classes.shardaaaaa" name="TESTCASES72" time="10.074"/>
  <testcase classname="test_classes.shardaaaaa" name="TESTCASES73" time="10.142"/>
  <testcase classname="test_classes.shardaaaaa" name="TESTCASES74" time="10.173"/>
  <testcase classname="test_classes.shardaaaaa" name="TESTCASES75" time="10.21"/>
  <testcase classname="test_classes.shardaaaaa" name="TESTCASES76" time="10.387"/>
  <testcase classname="test_classes.shardaaaaa" name="TESTCASES77" time="10.212"/>
  <testcase classname="test_classes.shardaaaaa" name="TESTCASES78" time="10.158"/>
  <testcase classname="test_classes.shardaaaaa" name="TESTCASES79" time="10.285"/>
  <testcase classname="test_classes.shardaaaaa" name="TESTCASES80" time="10.314"/>
</testsuite> <!-- Default test -->
