<?xml version="1.0" encoding="UTF-8"?>
<!-- Generated by org.testng.reporters.JUnitXMLReporter -->
<testsuite ignored="78" hostname="DESKTOP-TRGGSFM" failures="1" tests="1" name="Default test(failed)(failed)(failed)(failed)(failed)" time="9.524" errors="0" timestamp="2024-08-29T18:04:40 IST">
  <testcase classname="test_classes.shardaaaaa" name="TESTCASES68" time="4.955">
    <failure type="java.lang.AssertionError" message="expected [https://api.shardaonline.online/media/elective/brochures/M.Com-_International_Finance_Integrated_with_ACCA_UK.pdf] but found [https://api.shardaonline.online/media/elective/brochures/MBA_-_International_Finance_Integrated_with_ACCA_UK.pdf]">
      <![CDATA[java.lang.AssertionError: expected [https://api.shardaonline.online/media/elective/brochures/M.Com-_International_Finance_Integrated_with_ACCA_UK.pdf] but found [https://api.shardaonline.online/media/elective/brochures/MBA_-_International_Finance_Integrated_with_ACCA_UK.pdf]
at test_classes.shardaaaaa.TESTCASES68(shardaaaaa.java:1910)
at java.base/java.util.ArrayList.forEach(ArrayList.java:1511)
... Removed 33 stack frames]]>
    </failure>
  </testcase> <!-- TESTCASES68 -->
  <testcase classname="test_classes.shardaaaaa" name="TESTCASES42" time="0.0">
    <ignored/>
  </testcase> <!-- TESTCASES42 -->
  <testcase classname="test_classes.shardaaaaa" name="TESTCASES41" time="0.0">
    <ignored/>
  </testcase> <!-- TESTCASES41 -->
  <testcase classname="test_classes.shardaaaaa" name="TESTCASES40" time="0.0">
    <ignored/>
  </testcase> <!-- TESTCASES40 -->
  <testcase classname="test_classes.shardaaaaa" name="TESTCASES80" time="0.0">
    <ignored/>
  </testcase> <!-- TESTCASES80 -->
  <testcase classname="test_classes.shardaaaaa" name="TESTCASES18" time="0.0">
    <ignored/>
  </testcase> <!-- TESTCASES18 -->
  <testcase classname="test_classes.shardaaaaa" name="TESTCASES43" time="0.0">
    <ignored/>
  </testcase> <!-- TESTCASES43 -->
  <testcase classname="test_classes.shardaaaaa" name="TESTCASES49" time="0.0">
    <ignored/>
  </testcase> <!-- TESTCASES49 -->
  <testcase classname="test_classes.shardaaaaa" name="TESTCASES48" time="0.0">
    <ignored/>
  </testcase> <!-- TESTCASES48 -->
  <testcase classname="test_classes.shardaaaaa" name="TESTCASES47" time="0.0">
    <ignored/>
  </testcase> <!-- TESTCASES47 -->
  <testcase classname="test_classes.shardaaaaa" name="TESTCASES46" time="0.0">
    <ignored/>
  </testcase> <!-- TESTCASES46 -->
  <testcase classname="test_classes.shardaaaaa" name="TESTCASES45" time="0.0">
    <ignored/>
  </testcase> <!-- TESTCASES45 -->
  <testcase classname="test_classes.shardaaaaa" name="TESTCASES44" time="0.0">
    <ignored/>
  </testcase> <!-- TESTCASES44 -->
  <testcase classname="test_classes.shardaaaaa" name="TESTCASES31" time="0.0">
    <ignored/>
  </testcase> <!-- TESTCASES31 -->
  <testcase classname="test_classes.shardaaaaa" name="TESTCASES75" time="0.0">
    <ignored/>
  </testcase> <!-- TESTCASES75 -->
  <testcase classname="test_classes.shardaaaaa" name="TESTCASES30" time="0.0">
    <ignored/>
  </testcase> <!-- TESTCASES30 -->
  <testcase classname="test_classes.shardaaaaa" name="TESTCASES74" time="0.0">
    <ignored/>
  </testcase> <!-- TESTCASES74 -->
  <testcase classname="test_classes.shardaaaaa" name="TESTCASES73" time="0.0">
    <ignored/>
  </testcase> <!-- TESTCASES73 -->
  <testcase classname="test_classes.shardaaaaa" name="TESTCASES72" time="0.0">
    <ignored/>
  </testcase> <!-- TESTCASES72 -->
  <testcase classname="test_classes.shardaaaaa" name="TESTCASES71" time="0.0">
    <ignored/>
  </testcase> <!-- TESTCASES71 -->
  <testcase classname="test_classes.shardaaaaa" name="TESTCASES70" time="0.0">
    <ignored/>
  </testcase> <!-- TESTCASES70 -->
  <testcase classname="test_classes.shardaaaaa" name="TESTCASES32" time="0.0">
    <ignored/>
  </testcase> <!-- TESTCASES32 -->
  <testcase classname="test_classes.shardaaaaa" name="TESTCASES76" time="0.0">
    <ignored/>
  </testcase> <!-- TESTCASES76 -->
  <testcase classname="test_classes.shardaaaaa" name="TESTCASES39" time="0.0">
    <ignored/>
  </testcase> <!-- TESTCASES39 -->
  <testcase classname="test_classes.shardaaaaa" name="TESTCASES38" time="0.0">
    <ignored/>
  </testcase> <!-- TESTCASES38 -->
  <testcase classname="test_classes.shardaaaaa" name="TESTCASES37" time="0.0">
    <ignored/>
  </testcase> <!-- TESTCASES37 -->
  <testcase classname="test_classes.shardaaaaa" name="TESTCASES36" time="0.0">
    <ignored/>
  </testcase> <!-- TESTCASES36 -->
  <testcase classname="test_classes.shardaaaaa" name="TESTCASES35" time="0.0">
    <ignored/>
  </testcase> <!-- TESTCASES35 -->
  <testcase classname="test_classes.shardaaaaa" name="TESTCASES79" time="0.0">
    <ignored/>
  </testcase> <!-- TESTCASES79 -->
  <testcase classname="test_classes.shardaaaaa" name="TESTCASES34" time="0.0">
    <ignored/>
  </testcase> <!-- TESTCASES34 -->
  <testcase classname="test_classes.shardaaaaa" name="TESTCASES78" time="0.0">
    <ignored/>
  </testcase> <!-- TESTCASES78 -->
  <testcase classname="test_classes.shardaaaaa" name="TESTCASES33" time="0.0">
    <ignored/>
  </testcase> <!-- TESTCASES33 -->
  <testcase classname="test_classes.shardaaaaa" name="TESTCASES77" time="0.0">
    <ignored/>
  </testcase> <!-- TESTCASES77 -->
  <testcase classname="test_classes.shardaaaaa" name="TESTCASES20" time="0.0">
    <ignored/>
  </testcase> <!-- TESTCASES20 -->
  <testcase classname="test_classes.shardaaaaa" name="TESTCASES64" time="0.0">
    <ignored/>
  </testcase> <!-- TESTCASES64 -->
  <testcase classname="test_classes.shardaaaaa" name="TESTCASES63" time="0.0">
    <ignored/>
  </testcase> <!-- TESTCASES63 -->
  <testcase classname="test_classes.shardaaaaa" name="TESTCASES62" time="0.0">
    <ignored/>
  </testcase> <!-- TESTCASES62 -->
  <testcase classname="test_classes.shardaaaaa" name="TESTCASES61" time="0.0">
    <ignored/>
  </testcase> <!-- TESTCASES61 -->
  <testcase classname="test_classes.shardaaaaa" name="TESTCASES60" time="0.0">
    <ignored/>
  </testcase> <!-- TESTCASES60 -->
  <testcase classname="test_classes.shardaaaaa" name="TESTCASES21" time="0.0">
    <ignored/>
  </testcase> <!-- TESTCASES21 -->
  <testcase classname="test_classes.shardaaaaa" name="TESTCASES65" time="0.0">
    <ignored/>
  </testcase> <!-- TESTCASES65 -->
  <testcase classname="test_classes.shardaaaaa" name="TESTCASES28" time="0.0">
    <ignored/>
  </testcase> <!-- TESTCASES28 -->
  <testcase classname="test_classes.shardaaaaa" name="TESTCASES27" time="0.0">
    <ignored/>
  </testcase> <!-- TESTCASES27 -->
  <testcase classname="test_classes.shardaaaaa" name="TESTCASES25" time="0.0">
    <ignored/>
  </testcase> <!-- TESTCASES25 -->
  <testcase classname="test_classes.shardaaaaa" name="TESTCASES69" time="0.0">
    <ignored/>
  </testcase> <!-- TESTCASES69 -->
  <testcase classname="test_classes.shardaaaaa" name="TESTCASES24" time="0.0">
    <ignored/>
  </testcase> <!-- TESTCASES24 -->
  <testcase classname="test_classes.shardaaaaa" name="TESTCASES23" time="0.0">
    <ignored/>
  </testcase> <!-- TESTCASES23 -->
  <testcase classname="test_classes.shardaaaaa" name="TESTCASES67" time="0.0">
    <ignored/>
  </testcase> <!-- TESTCASES67 -->
  <testcase classname="test_classes.shardaaaaa" name="TESTCASES22" time="0.0">
    <ignored/>
  </testcase> <!-- TESTCASES22 -->
  <testcase classname="test_classes.shardaaaaa" name="TESTCASES66" time="0.0">
    <ignored/>
  </testcase> <!-- TESTCASES66 -->
  <testcase classname="test_classes.shardaaaaa" name="TESTCASES1" time="0.0">
    <ignored/>
  </testcase> <!-- TESTCASES1 -->
  <testcase classname="test_classes.shardaaaaa" name="TESTCASES53" time="0.0">
    <ignored/>
  </testcase> <!-- TESTCASES53 -->
  <testcase classname="test_classes.shardaaaaa" name="TESTCASES52" time="0.0">
    <ignored/>
  </testcase> <!-- TESTCASES52 -->
  <testcase classname="test_classes.shardaaaaa" name="TESTCASES51" time="0.0">
    <ignored/>
  </testcase> <!-- TESTCASES51 -->
  <testcase classname="test_classes.shardaaaaa" name="TESTCASES50" time="0.0">
    <ignored/>
  </testcase> <!-- TESTCASES50 -->
  <testcase classname="test_classes.shardaaaaa" name="TESTCASES29" time="0.0">
    <ignored/>
  </testcase> <!-- TESTCASES29 -->
  <testcase classname="test_classes.shardaaaaa" name="TESTCASES8" time="0.0">
    <ignored/>
  </testcase> <!-- TESTCASES8 -->
  <testcase classname="test_classes.shardaaaaa" name="TESTCASES7" time="0.0">
    <ignored/>
  </testcase> <!-- TESTCASES7 -->
  <testcase classname="test_classes.shardaaaaa" name="TESTCASES6" time="0.0">
    <ignored/>
  </testcase> <!-- TESTCASES6 -->
  <testcase classname="test_classes.shardaaaaa" name="TESTCASES5" time="0.0">
    <ignored/>
  </testcase> <!-- TESTCASES5 -->
  <testcase classname="test_classes.shardaaaaa" name="TESTCASES4" time="0.0">
    <ignored/>
  </testcase> <!-- TESTCASES4 -->
  <testcase classname="test_classes.shardaaaaa" name="TESTCASES3" time="0.0">
    <ignored/>
  </testcase> <!-- TESTCASES3 -->
  <testcase classname="test_classes.shardaaaaa" name="TESTCASES2" time="0.0">
    <ignored/>
  </testcase> <!-- TESTCASES2 -->
  <testcase classname="test_classes.shardaaaaa" name="TESTCASES10" time="0.0">
    <ignored/>
  </testcase> <!-- TESTCASES10 -->
  <testcase classname="test_classes.shardaaaaa" name="TESTCASES54" time="0.0">
    <ignored/>
  </testcase> <!-- TESTCASES54 -->
  <testcase classname="test_classes.shardaaaaa" name="TESTCASES19" time="0.0">
    <ignored/>
  </testcase> <!-- TESTCASES19 -->
  <testcase classname="test_classes.shardaaaaa" name="TESTCASES9" time="0.0">
    <ignored/>
  </testcase> <!-- TESTCASES9 -->
  <testcase classname="test_classes.shardaaaaa" name="TESTCASES17" time="0.0">
    <ignored/>
  </testcase> <!-- TESTCASES17 -->
  <testcase classname="test_classes.shardaaaaa" name="TESTCASES16" time="0.0">
    <ignored/>
  </testcase> <!-- TESTCASES16 -->
  <testcase classname="test_classes.shardaaaaa" name="TESTCASES15" time="0.0">
    <ignored/>
  </testcase> <!-- TESTCASES15 -->
  <testcase classname="test_classes.shardaaaaa" name="TESTCASES59" time="0.0">
    <ignored/>
  </testcase> <!-- TESTCASES59 -->
  <testcase classname="test_classes.shardaaaaa" name="TESTCASES14" time="0.0">
    <ignored/>
  </testcase> <!-- TESTCASES14 -->
  <testcase classname="test_classes.shardaaaaa" name="TESTCASES58" time="0.0">
    <ignored/>
  </testcase> <!-- TESTCASES58 -->
  <testcase classname="test_classes.shardaaaaa" name="TESTCASES13" time="0.0">
    <ignored/>
  </testcase> <!-- TESTCASES13 -->
  <testcase classname="test_classes.shardaaaaa" name="TESTCASES57" time="0.0">
    <ignored/>
  </testcase> <!-- TESTCASES57 -->
  <testcase classname="test_classes.shardaaaaa" name="TESTCASES12" time="0.0">
    <ignored/>
  </testcase> <!-- TESTCASES12 -->
  <testcase classname="test_classes.shardaaaaa" name="TESTCASES56" time="0.0">
    <ignored/>
  </testcase> <!-- TESTCASES56 -->
  <testcase classname="test_classes.shardaaaaa" name="TESTCASES11" time="0.0">
    <ignored/>
  </testcase> <!-- TESTCASES11 -->
  <testcase classname="test_classes.shardaaaaa" name="TESTCASES55" time="0.0">
    <ignored/>
  </testcase> <!-- TESTCASES55 -->
</testsuite> <!-- Default test(failed)(failed)(failed)(failed)(failed) -->
