<?xml version="1.0" encoding="UTF-8"?>
<testng-results ignored="0" total="79" passed="79" failed="0" skipped="0">
  <reporter-output>
  </reporter-output>
  <suite started-at="2024-08-30T15:13:45 IST" name="Default suite" finished-at="2024-08-30T15:25:48 IST" duration-ms="723025">
    <groups>
    </groups>
    <test started-at="2024-08-30T15:13:45 IST" name="Default test" finished-at="2024-08-30T15:25:48 IST" duration-ms="723025">
      <class name="test_classes.shardaaaaa">
        <test-method is-config="true" signature="setUp()[pri:0, instance:test_classes.shardaaaaa@5d534f5d]" started-at="2024-08-30T15:13:45 IST" name="setUp" finished-at="2024-08-30T15:13:50 IST" duration-ms="5066" status="PASS">
          <reporter-output>
          </reporter-output>
        </test-method> <!-- setUp -->
        <test-method signature="TESTCASES1()[pri:1, instance:test_classes.shardaaaaa@5d534f5d]" started-at="2024-08-30T15:13:50 IST" name="TESTCASES1" finished-at="2024-08-30T15:13:51 IST" duration-ms="1250" status="PASS">
          <reporter-output>
          </reporter-output>
        </test-method> <!-- TESTCASES1 -->
        <test-method is-config="true" signature="setUp()[pri:0, instance:test_classes.shardaaaaa@5d534f5d]" started-at="2024-08-30T15:13:51 IST" name="setUp" finished-at="2024-08-30T15:13:54 IST" duration-ms="2625" status="PASS">
          <reporter-output>
          </reporter-output>
        </test-method> <!-- setUp -->
        <test-method signature="TESTCASES2()[pri:2, instance:test_classes.shardaaaaa@5d534f5d]" started-at="2024-08-30T15:13:54 IST" name="TESTCASES2" finished-at="2024-08-30T15:13:55 IST" duration-ms="1115" status="PASS">
          <reporter-output>
          </reporter-output>
        </test-method> <!-- TESTCASES2 -->
        <test-method is-config="true" signature="setUp()[pri:0, instance:test_classes.shardaaaaa@5d534f5d]" started-at="2024-08-30T15:13:55 IST" name="setUp" finished-at="2024-08-30T15:13:58 IST" duration-ms="2780" status="PASS">
          <reporter-output>
          </reporter-output>
        </test-method> <!-- setUp -->
        <test-method signature="TESTCASES3()[pri:3, instance:test_classes.shardaaaaa@5d534f5d]" started-at="2024-08-30T15:13:58 IST" name="TESTCASES3" finished-at="2024-08-30T15:13:59 IST" duration-ms="1120" status="PASS">
          <reporter-output>
          </reporter-output>
        </test-method> <!-- TESTCASES3 -->
        <test-method is-config="true" signature="setUp()[pri:0, instance:test_classes.shardaaaaa@5d534f5d]" started-at="2024-08-30T15:13:59 IST" name="setUp" finished-at="2024-08-30T15:14:02 IST" duration-ms="2799" status="PASS">
          <reporter-output>
          </reporter-output>
        </test-method> <!-- setUp -->
        <test-method signature="TESTCASES4()[pri:4, instance:test_classes.shardaaaaa@5d534f5d]" started-at="2024-08-30T15:14:02 IST" name="TESTCASES4" finished-at="2024-08-30T15:14:03 IST" duration-ms="1106" status="PASS">
          <reporter-output>
          </reporter-output>
        </test-method> <!-- TESTCASES4 -->
        <test-method is-config="true" signature="setUp()[pri:0, instance:test_classes.shardaaaaa@5d534f5d]" started-at="2024-08-30T15:14:03 IST" name="setUp" finished-at="2024-08-30T15:14:05 IST" duration-ms="2563" status="PASS">
          <reporter-output>
          </reporter-output>
        </test-method> <!-- setUp -->
        <test-method signature="TESTCASES5()[pri:5, instance:test_classes.shardaaaaa@5d534f5d]" started-at="2024-08-30T15:14:05 IST" name="TESTCASES5" finished-at="2024-08-30T15:14:06 IST" duration-ms="1247" status="PASS">
          <reporter-output>
          </reporter-output>
        </test-method> <!-- TESTCASES5 -->
        <test-method is-config="true" signature="setUp()[pri:0, instance:test_classes.shardaaaaa@5d534f5d]" started-at="2024-08-30T15:14:06 IST" name="setUp" finished-at="2024-08-30T15:14:09 IST" duration-ms="2674" status="PASS">
          <reporter-output>
          </reporter-output>
        </test-method> <!-- setUp -->
        <test-method signature="TESTCASES6()[pri:6, instance:test_classes.shardaaaaa@5d534f5d]" started-at="2024-08-30T15:14:09 IST" name="TESTCASES6" finished-at="2024-08-30T15:14:10 IST" duration-ms="1034" status="PASS">
          <reporter-output>
          </reporter-output>
        </test-method> <!-- TESTCASES6 -->
        <test-method is-config="true" signature="setUp()[pri:0, instance:test_classes.shardaaaaa@5d534f5d]" started-at="2024-08-30T15:14:10 IST" name="setUp" finished-at="2024-08-30T15:14:13 IST" duration-ms="2607" status="PASS">
          <reporter-output>
          </reporter-output>
        </test-method> <!-- setUp -->
        <test-method signature="TESTCASES7()[pri:7, instance:test_classes.shardaaaaa@5d534f5d]" started-at="2024-08-30T15:14:13 IST" name="TESTCASES7" finished-at="2024-08-30T15:14:14 IST" duration-ms="1241" status="PASS">
          <reporter-output>
          </reporter-output>
        </test-method> <!-- TESTCASES7 -->
        <test-method is-config="true" signature="setUp()[pri:0, instance:test_classes.shardaaaaa@5d534f5d]" started-at="2024-08-30T15:14:14 IST" name="setUp" finished-at="2024-08-30T15:14:17 IST" duration-ms="2690" status="PASS">
          <reporter-output>
          </reporter-output>
        </test-method> <!-- setUp -->
        <test-method signature="TESTCASES8()[pri:8, instance:test_classes.shardaaaaa@5d534f5d]" started-at="2024-08-30T15:14:17 IST" name="TESTCASES8" finished-at="2024-08-30T15:14:18 IST" duration-ms="1181" status="PASS">
          <reporter-output>
          </reporter-output>
        </test-method> <!-- TESTCASES8 -->
        <test-method is-config="true" signature="setUp()[pri:0, instance:test_classes.shardaaaaa@5d534f5d]" started-at="2024-08-30T15:14:18 IST" name="setUp" finished-at="2024-08-30T15:14:21 IST" duration-ms="2634" status="PASS">
          <reporter-output>
          </reporter-output>
        </test-method> <!-- setUp -->
        <test-method signature="TESTCASES9()[pri:9, instance:test_classes.shardaaaaa@5d534f5d]" started-at="2024-08-30T15:14:21 IST" name="TESTCASES9" finished-at="2024-08-30T15:14:22 IST" duration-ms="1165" status="PASS">
          <reporter-output>
          </reporter-output>
        </test-method> <!-- TESTCASES9 -->
        <test-method is-config="true" signature="setUp()[pri:0, instance:test_classes.shardaaaaa@5d534f5d]" started-at="2024-08-30T15:14:22 IST" name="setUp" finished-at="2024-08-30T15:14:25 IST" duration-ms="2877" status="PASS">
          <reporter-output>
          </reporter-output>
        </test-method> <!-- setUp -->
        <test-method signature="TESTCASES10()[pri:10, instance:test_classes.shardaaaaa@5d534f5d]" started-at="2024-08-30T15:14:25 IST" name="TESTCASES10" finished-at="2024-08-30T15:14:26 IST" duration-ms="1260" status="PASS">
          <reporter-output>
          </reporter-output>
        </test-method> <!-- TESTCASES10 -->
        <test-method is-config="true" signature="setUp()[pri:0, instance:test_classes.shardaaaaa@5d534f5d]" started-at="2024-08-30T15:14:26 IST" name="setUp" finished-at="2024-08-30T15:14:29 IST" duration-ms="2713" status="PASS">
          <reporter-output>
          </reporter-output>
        </test-method> <!-- setUp -->
        <test-method signature="TESTCASES11()[pri:11, instance:test_classes.shardaaaaa@5d534f5d]" started-at="2024-08-30T15:14:29 IST" name="TESTCASES11" finished-at="2024-08-30T15:14:30 IST" duration-ms="1242" status="PASS">
          <reporter-output>
          </reporter-output>
        </test-method> <!-- TESTCASES11 -->
        <test-method is-config="true" signature="setUp()[pri:0, instance:test_classes.shardaaaaa@5d534f5d]" started-at="2024-08-30T15:14:30 IST" name="setUp" finished-at="2024-08-30T15:14:32 IST" duration-ms="2663" status="PASS">
          <reporter-output>
          </reporter-output>
        </test-method> <!-- setUp -->
        <test-method signature="TESTCASES12()[pri:12, instance:test_classes.shardaaaaa@5d534f5d]" started-at="2024-08-30T15:14:32 IST" name="TESTCASES12" finished-at="2024-08-30T15:14:38 IST" duration-ms="5670" status="PASS">
          <reporter-output>
          </reporter-output>
        </test-method> <!-- TESTCASES12 -->
        <test-method is-config="true" signature="setUp()[pri:0, instance:test_classes.shardaaaaa@5d534f5d]" started-at="2024-08-30T15:14:38 IST" name="setUp" finished-at="2024-08-30T15:14:41 IST" duration-ms="2622" status="PASS">
          <reporter-output>
          </reporter-output>
        </test-method> <!-- setUp -->
        <test-method signature="TESTCASES13()[pri:13, instance:test_classes.shardaaaaa@5d534f5d]" started-at="2024-08-30T15:14:41 IST" name="TESTCASES13" finished-at="2024-08-30T15:14:46 IST" duration-ms="5324" status="PASS">
          <reporter-output>
          </reporter-output>
        </test-method> <!-- TESTCASES13 -->
        <test-method is-config="true" signature="setUp()[pri:0, instance:test_classes.shardaaaaa@5d534f5d]" started-at="2024-08-30T15:14:46 IST" name="setUp" finished-at="2024-08-30T15:14:49 IST" duration-ms="2801" status="PASS">
          <reporter-output>
          </reporter-output>
        </test-method> <!-- setUp -->
        <test-method signature="TESTCASES14()[pri:14, instance:test_classes.shardaaaaa@5d534f5d]" started-at="2024-08-30T15:14:49 IST" name="TESTCASES14" finished-at="2024-08-30T15:14:55 IST" duration-ms="5651" status="PASS">
          <reporter-output>
          </reporter-output>
        </test-method> <!-- TESTCASES14 -->
        <test-method is-config="true" signature="setUp()[pri:0, instance:test_classes.shardaaaaa@5d534f5d]" started-at="2024-08-30T15:14:55 IST" name="setUp" finished-at="2024-08-30T15:14:57 IST" duration-ms="2645" status="PASS">
          <reporter-output>
          </reporter-output>
        </test-method> <!-- setUp -->
        <test-method signature="TESTCASES15()[pri:15, instance:test_classes.shardaaaaa@5d534f5d]" started-at="2024-08-30T15:14:57 IST" name="TESTCASES15" finished-at="2024-08-30T15:15:02 IST" duration-ms="5245" status="PASS">
          <reporter-output>
          </reporter-output>
        </test-method> <!-- TESTCASES15 -->
        <test-method is-config="true" signature="setUp()[pri:0, instance:test_classes.shardaaaaa@5d534f5d]" started-at="2024-08-30T15:15:02 IST" name="setUp" finished-at="2024-08-30T15:15:05 IST" duration-ms="2746" status="PASS">
          <reporter-output>
          </reporter-output>
        </test-method> <!-- setUp -->
        <test-method signature="TESTCASES16()[pri:16, instance:test_classes.shardaaaaa@5d534f5d]" started-at="2024-08-30T15:15:05 IST" name="TESTCASES16" finished-at="2024-08-30T15:15:11 IST" duration-ms="5701" status="PASS">
          <reporter-output>
          </reporter-output>
        </test-method> <!-- TESTCASES16 -->
        <test-method is-config="true" signature="setUp()[pri:0, instance:test_classes.shardaaaaa@5d534f5d]" started-at="2024-08-30T15:15:11 IST" name="setUp" finished-at="2024-08-30T15:15:14 IST" duration-ms="2882" status="PASS">
          <reporter-output>
          </reporter-output>
        </test-method> <!-- setUp -->
        <test-method signature="TESTCASES17()[pri:17, instance:test_classes.shardaaaaa@5d534f5d]" started-at="2024-08-30T15:15:14 IST" name="TESTCASES17" finished-at="2024-08-30T15:15:19 IST" duration-ms="5508" status="PASS">
          <reporter-output>
          </reporter-output>
        </test-method> <!-- TESTCASES17 -->
        <test-method is-config="true" signature="setUp()[pri:0, instance:test_classes.shardaaaaa@5d534f5d]" started-at="2024-08-30T15:15:19 IST" name="setUp" finished-at="2024-08-30T15:15:22 IST" duration-ms="2446" status="PASS">
          <reporter-output>
          </reporter-output>
        </test-method> <!-- setUp -->
        <test-method signature="TESTCASES18()[pri:18, instance:test_classes.shardaaaaa@5d534f5d]" started-at="2024-08-30T15:15:22 IST" name="TESTCASES18" finished-at="2024-08-30T15:15:27 IST" duration-ms="5179" status="PASS">
          <reporter-output>
          </reporter-output>
        </test-method> <!-- TESTCASES18 -->
        <test-method is-config="true" signature="setUp()[pri:0, instance:test_classes.shardaaaaa@5d534f5d]" started-at="2024-08-30T15:15:27 IST" name="setUp" finished-at="2024-08-30T15:15:30 IST" duration-ms="2621" status="PASS">
          <reporter-output>
          </reporter-output>
        </test-method> <!-- setUp -->
        <test-method signature="TESTCASES19()[pri:19, instance:test_classes.shardaaaaa@5d534f5d]" started-at="2024-08-30T15:15:30 IST" name="TESTCASES19" finished-at="2024-08-30T15:15:35 IST" duration-ms="5530" status="PASS">
          <reporter-output>
          </reporter-output>
        </test-method> <!-- TESTCASES19 -->
        <test-method is-config="true" signature="setUp()[pri:0, instance:test_classes.shardaaaaa@5d534f5d]" started-at="2024-08-30T15:15:35 IST" name="setUp" finished-at="2024-08-30T15:15:38 IST" duration-ms="2775" status="PASS">
          <reporter-output>
          </reporter-output>
        </test-method> <!-- setUp -->
        <test-method signature="TESTCASES20()[pri:20, instance:test_classes.shardaaaaa@5d534f5d]" started-at="2024-08-30T15:15:38 IST" name="TESTCASES20" finished-at="2024-08-30T15:15:43 IST" duration-ms="5403" status="PASS">
          <reporter-output>
          </reporter-output>
        </test-method> <!-- TESTCASES20 -->
        <test-method is-config="true" signature="setUp()[pri:0, instance:test_classes.shardaaaaa@5d534f5d]" started-at="2024-08-30T15:15:43 IST" name="setUp" finished-at="2024-08-30T15:15:46 IST" duration-ms="2658" status="PASS">
          <reporter-output>
          </reporter-output>
        </test-method> <!-- setUp -->
        <test-method signature="TESTCASES21()[pri:21, instance:test_classes.shardaaaaa@5d534f5d]" started-at="2024-08-30T15:15:46 IST" name="TESTCASES21" finished-at="2024-08-30T15:15:51 IST" duration-ms="5566" status="PASS">
          <reporter-output>
          </reporter-output>
        </test-method> <!-- TESTCASES21 -->
        <test-method is-config="true" signature="setUp()[pri:0, instance:test_classes.shardaaaaa@5d534f5d]" started-at="2024-08-30T15:15:51 IST" name="setUp" finished-at="2024-08-30T15:15:54 IST" duration-ms="2831" status="PASS">
          <reporter-output>
          </reporter-output>
        </test-method> <!-- setUp -->
        <test-method signature="TESTCASES22()[pri:22, instance:test_classes.shardaaaaa@5d534f5d]" started-at="2024-08-30T15:15:54 IST" name="TESTCASES22" finished-at="2024-08-30T15:16:00 IST" duration-ms="5706" status="PASS">
          <reporter-output>
          </reporter-output>
        </test-method> <!-- TESTCASES22 -->
        <test-method is-config="true" signature="setUp()[pri:0, instance:test_classes.shardaaaaa@5d534f5d]" started-at="2024-08-30T15:16:00 IST" name="setUp" finished-at="2024-08-30T15:16:03 IST" duration-ms="2866" status="PASS">
          <reporter-output>
          </reporter-output>
        </test-method> <!-- setUp -->
        <test-method signature="TESTCASES23()[pri:23, instance:test_classes.shardaaaaa@5d534f5d]" started-at="2024-08-30T15:16:03 IST" name="TESTCASES23" finished-at="2024-08-30T15:16:04 IST" duration-ms="1179" status="PASS">
          <reporter-output>
          </reporter-output>
        </test-method> <!-- TESTCASES23 -->
        <test-method is-config="true" signature="setUp()[pri:0, instance:test_classes.shardaaaaa@5d534f5d]" started-at="2024-08-30T15:16:04 IST" name="setUp" finished-at="2024-08-30T15:16:06 IST" duration-ms="2443" status="PASS">
          <reporter-output>
          </reporter-output>
        </test-method> <!-- setUp -->
        <test-method signature="TESTCASES24()[pri:24, instance:test_classes.shardaaaaa@5d534f5d]" started-at="2024-08-30T15:16:06 IST" name="TESTCASES24" finished-at="2024-08-30T15:16:07 IST" duration-ms="575" status="PASS">
          <reporter-output>
          </reporter-output>
        </test-method> <!-- TESTCASES24 -->
        <test-method is-config="true" signature="setUp()[pri:0, instance:test_classes.shardaaaaa@5d534f5d]" started-at="2024-08-30T15:16:07 IST" name="setUp" finished-at="2024-08-30T15:16:10 IST" duration-ms="2640" status="PASS">
          <reporter-output>
          </reporter-output>
        </test-method> <!-- setUp -->
        <test-method signature="TESTCASES25()[pri:25, instance:test_classes.shardaaaaa@5d534f5d]" started-at="2024-08-30T15:16:10 IST" name="TESTCASES25" finished-at="2024-08-30T15:16:11 IST" duration-ms="1324" status="PASS">
          <reporter-output>
          </reporter-output>
        </test-method> <!-- TESTCASES25 -->
        <test-method is-config="true" signature="setUp()[pri:0, instance:test_classes.shardaaaaa@5d534f5d]" started-at="2024-08-30T15:16:11 IST" name="setUp" finished-at="2024-08-30T15:16:14 IST" duration-ms="2508" status="PASS">
          <reporter-output>
          </reporter-output>
        </test-method> <!-- setUp -->
        <test-method signature="TESTCASES27()[pri:27, instance:test_classes.shardaaaaa@5d534f5d]" started-at="2024-08-30T15:16:14 IST" name="TESTCASES27" finished-at="2024-08-30T15:16:14 IST" duration-ms="559" status="PASS">
          <reporter-output>
          </reporter-output>
        </test-method> <!-- TESTCASES27 -->
        <test-method is-config="true" signature="setUp()[pri:0, instance:test_classes.shardaaaaa@5d534f5d]" started-at="2024-08-30T15:16:14 IST" name="setUp" finished-at="2024-08-30T15:16:17 IST" duration-ms="2898" status="PASS">
          <reporter-output>
          </reporter-output>
        </test-method> <!-- setUp -->
        <test-method signature="TESTCASES28()[pri:28, instance:test_classes.shardaaaaa@5d534f5d]" started-at="2024-08-30T15:16:17 IST" name="TESTCASES28" finished-at="2024-08-30T15:16:22 IST" duration-ms="4837" status="PASS">
          <reporter-output>
          </reporter-output>
        </test-method> <!-- TESTCASES28 -->
        <test-method is-config="true" signature="setUp()[pri:0, instance:test_classes.shardaaaaa@5d534f5d]" started-at="2024-08-30T15:16:22 IST" name="setUp" finished-at="2024-08-30T15:16:25 IST" duration-ms="2949" status="PASS">
          <reporter-output>
          </reporter-output>
        </test-method> <!-- setUp -->
        <test-method signature="TESTCASES29()[pri:29, instance:test_classes.shardaaaaa@5d534f5d]" started-at="2024-08-30T15:16:25 IST" name="TESTCASES29" finished-at="2024-08-30T15:16:32 IST" duration-ms="6799" status="PASS">
          <reporter-output>
          </reporter-output>
        </test-method> <!-- TESTCASES29 -->
        <test-method is-config="true" signature="setUp()[pri:0, instance:test_classes.shardaaaaa@5d534f5d]" started-at="2024-08-30T15:16:32 IST" name="setUp" finished-at="2024-08-30T15:16:35 IST" duration-ms="3064" status="PASS">
          <reporter-output>
          </reporter-output>
        </test-method> <!-- setUp -->
        <test-method signature="TESTCASES30()[pri:30, instance:test_classes.shardaaaaa@5d534f5d]" started-at="2024-08-30T15:16:35 IST" name="TESTCASES30" finished-at="2024-08-30T15:16:36 IST" duration-ms="1771" status="PASS">
          <reporter-output>
          </reporter-output>
        </test-method> <!-- TESTCASES30 -->
        <test-method is-config="true" signature="setUp()[pri:0, instance:test_classes.shardaaaaa@5d534f5d]" started-at="2024-08-30T15:16:36 IST" name="setUp" finished-at="2024-08-30T15:16:39 IST" duration-ms="3016" status="PASS">
          <reporter-output>
          </reporter-output>
        </test-method> <!-- setUp -->
        <test-method signature="TESTCASES31()[pri:31, instance:test_classes.shardaaaaa@5d534f5d]" started-at="2024-08-30T15:16:39 IST" name="TESTCASES31" finished-at="2024-08-30T15:16:48 IST" duration-ms="8230" status="PASS">
          <reporter-output>
          </reporter-output>
        </test-method> <!-- TESTCASES31 -->
        <test-method is-config="true" signature="setUp()[pri:0, instance:test_classes.shardaaaaa@5d534f5d]" started-at="2024-08-30T15:16:48 IST" name="setUp" finished-at="2024-08-30T15:16:51 IST" duration-ms="2946" status="PASS">
          <reporter-output>
          </reporter-output>
        </test-method> <!-- setUp -->
        <test-method signature="TESTCASES32()[pri:32, instance:test_classes.shardaaaaa@5d534f5d]" started-at="2024-08-30T15:16:51 IST" name="TESTCASES32" finished-at="2024-08-30T15:17:00 IST" duration-ms="9629" status="PASS">
          <reporter-output>
          </reporter-output>
        </test-method> <!-- TESTCASES32 -->
        <test-method is-config="true" signature="setUp()[pri:0, instance:test_classes.shardaaaaa@5d534f5d]" started-at="2024-08-30T15:17:00 IST" name="setUp" finished-at="2024-08-30T15:17:04 IST" duration-ms="4199" status="PASS">
          <reporter-output>
          </reporter-output>
        </test-method> <!-- setUp -->
        <test-method signature="TESTCASES33()[pri:33, instance:test_classes.shardaaaaa@5d534f5d]" started-at="2024-08-30T15:17:04 IST" name="TESTCASES33" finished-at="2024-08-30T15:17:07 IST" duration-ms="2992" status="PASS">
          <reporter-output>
          </reporter-output>
        </test-method> <!-- TESTCASES33 -->
        <test-method is-config="true" signature="setUp()[pri:0, instance:test_classes.shardaaaaa@5d534f5d]" started-at="2024-08-30T15:17:07 IST" name="setUp" finished-at="2024-08-30T15:17:11 IST" duration-ms="3441" status="PASS">
          <reporter-output>
          </reporter-output>
        </test-method> <!-- setUp -->
        <test-method signature="TESTCASES34()[pri:34, instance:test_classes.shardaaaaa@5d534f5d]" started-at="2024-08-30T15:17:11 IST" name="TESTCASES34" finished-at="2024-08-30T15:17:13 IST" duration-ms="2269" status="PASS">
          <reporter-output>
          </reporter-output>
        </test-method> <!-- TESTCASES34 -->
        <test-method is-config="true" signature="setUp()[pri:0, instance:test_classes.shardaaaaa@5d534f5d]" started-at="2024-08-30T15:17:13 IST" name="setUp" finished-at="2024-08-30T15:17:17 IST" duration-ms="3414" status="PASS">
          <reporter-output>
          </reporter-output>
        </test-method> <!-- setUp -->
        <test-method signature="TESTCASES35()[pri:35, instance:test_classes.shardaaaaa@5d534f5d]" started-at="2024-08-30T15:17:17 IST" name="TESTCASES35" finished-at="2024-08-30T15:17:19 IST" duration-ms="2618" status="PASS">
          <reporter-output>
          </reporter-output>
        </test-method> <!-- TESTCASES35 -->
        <test-method is-config="true" signature="setUp()[pri:0, instance:test_classes.shardaaaaa@5d534f5d]" started-at="2024-08-30T15:17:19 IST" name="setUp" finished-at="2024-08-30T15:17:23 IST" duration-ms="3546" status="PASS">
          <reporter-output>
          </reporter-output>
        </test-method> <!-- setUp -->
        <test-method signature="TESTCASES36()[pri:36, instance:test_classes.shardaaaaa@5d534f5d]" started-at="2024-08-30T15:17:23 IST" name="TESTCASES36" finished-at="2024-08-30T15:17:26 IST" duration-ms="2865" status="PASS">
          <reporter-output>
          </reporter-output>
        </test-method> <!-- TESTCASES36 -->
        <test-method is-config="true" signature="setUp()[pri:0, instance:test_classes.shardaaaaa@5d534f5d]" started-at="2024-08-30T15:17:26 IST" name="setUp" finished-at="2024-08-30T15:17:31 IST" duration-ms="4977" status="PASS">
          <reporter-output>
          </reporter-output>
        </test-method> <!-- setUp -->
        <test-method signature="TESTCASES37()[pri:37, instance:test_classes.shardaaaaa@5d534f5d]" started-at="2024-08-30T15:17:31 IST" name="TESTCASES37" finished-at="2024-08-30T15:17:36 IST" duration-ms="5787" status="PASS">
          <reporter-output>
          </reporter-output>
        </test-method> <!-- TESTCASES37 -->
        <test-method is-config="true" signature="setUp()[pri:0, instance:test_classes.shardaaaaa@5d534f5d]" started-at="2024-08-30T15:17:36 IST" name="setUp" finished-at="2024-08-30T15:17:40 IST" duration-ms="3284" status="PASS">
          <reporter-output>
          </reporter-output>
        </test-method> <!-- setUp -->
        <test-method signature="TESTCASES38()[pri:38, instance:test_classes.shardaaaaa@5d534f5d]" started-at="2024-08-30T15:17:40 IST" name="TESTCASES38" finished-at="2024-08-30T15:17:46 IST" duration-ms="5938" status="PASS">
          <reporter-output>
          </reporter-output>
        </test-method> <!-- TESTCASES38 -->
        <test-method is-config="true" signature="setUp()[pri:0, instance:test_classes.shardaaaaa@5d534f5d]" started-at="2024-08-30T15:17:46 IST" name="setUp" finished-at="2024-08-30T15:17:49 IST" duration-ms="3436" status="PASS">
          <reporter-output>
          </reporter-output>
        </test-method> <!-- setUp -->
        <test-method signature="TESTCASES39()[pri:39, instance:test_classes.shardaaaaa@5d534f5d]" started-at="2024-08-30T15:17:49 IST" name="TESTCASES39" finished-at="2024-08-30T15:17:55 IST" duration-ms="5812" status="PASS">
          <reporter-output>
          </reporter-output>
        </test-method> <!-- TESTCASES39 -->
        <test-method is-config="true" signature="setUp()[pri:0, instance:test_classes.shardaaaaa@5d534f5d]" started-at="2024-08-30T15:17:55 IST" name="setUp" finished-at="2024-08-30T15:17:58 IST" duration-ms="3596" status="PASS">
          <reporter-output>
          </reporter-output>
        </test-method> <!-- setUp -->
        <test-method signature="TESTCASES40()[pri:40, instance:test_classes.shardaaaaa@5d534f5d]" started-at="2024-08-30T15:17:58 IST" name="TESTCASES40" finished-at="2024-08-30T15:18:04 IST" duration-ms="5850" status="PASS">
          <reporter-output>
          </reporter-output>
        </test-method> <!-- TESTCASES40 -->
        <test-method is-config="true" signature="setUp()[pri:0, instance:test_classes.shardaaaaa@5d534f5d]" started-at="2024-08-30T15:18:04 IST" name="setUp" finished-at="2024-08-30T15:18:07 IST" duration-ms="3105" status="PASS">
          <reporter-output>
          </reporter-output>
        </test-method> <!-- setUp -->
        <test-method signature="TESTCASES41()[pri:41, instance:test_classes.shardaaaaa@5d534f5d]" started-at="2024-08-30T15:18:07 IST" name="TESTCASES41" finished-at="2024-08-30T15:18:13 IST" duration-ms="5793" status="PASS">
          <reporter-output>
          </reporter-output>
        </test-method> <!-- TESTCASES41 -->
        <test-method is-config="true" signature="setUp()[pri:0, instance:test_classes.shardaaaaa@5d534f5d]" started-at="2024-08-30T15:18:13 IST" name="setUp" finished-at="2024-08-30T15:18:16 IST" duration-ms="3170" status="PASS">
          <reporter-output>
          </reporter-output>
        </test-method> <!-- setUp -->
        <test-method signature="TESTCASES42()[pri:42, instance:test_classes.shardaaaaa@5d534f5d]" started-at="2024-08-30T15:18:16 IST" name="TESTCASES42" finished-at="2024-08-30T15:18:22 IST" duration-ms="5763" status="PASS">
          <reporter-output>
          </reporter-output>
        </test-method> <!-- TESTCASES42 -->
        <test-method is-config="true" signature="setUp()[pri:0, instance:test_classes.shardaaaaa@5d534f5d]" started-at="2024-08-30T15:18:22 IST" name="setUp" finished-at="2024-08-30T15:18:25 IST" duration-ms="3088" status="PASS">
          <reporter-output>
          </reporter-output>
        </test-method> <!-- setUp -->
        <test-method signature="TESTCASES43()[pri:43, instance:test_classes.shardaaaaa@5d534f5d]" started-at="2024-08-30T15:18:25 IST" name="TESTCASES43" finished-at="2024-08-30T15:18:31 IST" duration-ms="5683" status="PASS">
          <reporter-output>
          </reporter-output>
        </test-method> <!-- TESTCASES43 -->
        <test-method is-config="true" signature="setUp()[pri:0, instance:test_classes.shardaaaaa@5d534f5d]" started-at="2024-08-30T15:18:31 IST" name="setUp" finished-at="2024-08-30T15:18:34 IST" duration-ms="2988" status="PASS">
          <reporter-output>
          </reporter-output>
        </test-method> <!-- setUp -->
        <test-method signature="TESTCASES44()[pri:44, instance:test_classes.shardaaaaa@5d534f5d]" started-at="2024-08-30T15:18:34 IST" name="TESTCASES44" finished-at="2024-08-30T15:18:40 IST" duration-ms="5856" status="PASS">
          <reporter-output>
          </reporter-output>
        </test-method> <!-- TESTCASES44 -->
        <test-method is-config="true" signature="setUp()[pri:0, instance:test_classes.shardaaaaa@5d534f5d]" started-at="2024-08-30T15:18:40 IST" name="setUp" finished-at="2024-08-30T15:18:43 IST" duration-ms="3286" status="PASS">
          <reporter-output>
          </reporter-output>
        </test-method> <!-- setUp -->
        <test-method signature="TESTCASES45()[pri:45, instance:test_classes.shardaaaaa@5d534f5d]" started-at="2024-08-30T15:18:43 IST" name="TESTCASES45" finished-at="2024-08-30T15:18:49 IST" duration-ms="5780" status="PASS">
          <reporter-output>
          </reporter-output>
        </test-method> <!-- TESTCASES45 -->
        <test-method is-config="true" signature="setUp()[pri:0, instance:test_classes.shardaaaaa@5d534f5d]" started-at="2024-08-30T15:18:49 IST" name="setUp" finished-at="2024-08-30T15:18:52 IST" duration-ms="3327" status="PASS">
          <reporter-output>
          </reporter-output>
        </test-method> <!-- setUp -->
        <test-method signature="TESTCASES46()[pri:46, instance:test_classes.shardaaaaa@5d534f5d]" started-at="2024-08-30T15:18:52 IST" name="TESTCASES46" finished-at="2024-08-30T15:18:58 IST" duration-ms="5843" status="PASS">
          <reporter-output>
          </reporter-output>
        </test-method> <!-- TESTCASES46 -->
        <test-method is-config="true" signature="setUp()[pri:0, instance:test_classes.shardaaaaa@5d534f5d]" started-at="2024-08-30T15:18:58 IST" name="setUp" finished-at="2024-08-30T15:19:01 IST" duration-ms="3256" status="PASS">
          <reporter-output>
          </reporter-output>
        </test-method> <!-- setUp -->
        <test-method signature="TESTCASES47()[pri:47, instance:test_classes.shardaaaaa@5d534f5d]" started-at="2024-08-30T15:19:01 IST" name="TESTCASES47" finished-at="2024-08-30T15:19:07 IST" duration-ms="5678" status="PASS">
          <reporter-output>
          </reporter-output>
        </test-method> <!-- TESTCASES47 -->
        <test-method is-config="true" signature="setUp()[pri:0, instance:test_classes.shardaaaaa@5d534f5d]" started-at="2024-08-30T15:19:07 IST" name="setUp" finished-at="2024-08-30T15:19:10 IST" duration-ms="3309" status="PASS">
          <reporter-output>
          </reporter-output>
        </test-method> <!-- setUp -->
        <test-method signature="TESTCASES48()[pri:48, instance:test_classes.shardaaaaa@5d534f5d]" started-at="2024-08-30T15:19:10 IST" name="TESTCASES48" finished-at="2024-08-30T15:19:20 IST" duration-ms="10177" status="PASS">
          <reporter-output>
          </reporter-output>
        </test-method> <!-- TESTCASES48 -->
        <test-method is-config="true" signature="setUp()[pri:0, instance:test_classes.shardaaaaa@5d534f5d]" started-at="2024-08-30T15:19:20 IST" name="setUp" finished-at="2024-08-30T15:19:24 IST" duration-ms="3223" status="PASS">
          <reporter-output>
          </reporter-output>
        </test-method> <!-- setUp -->
        <test-method signature="TESTCASES49()[pri:49, instance:test_classes.shardaaaaa@5d534f5d]" started-at="2024-08-30T15:19:24 IST" name="TESTCASES49" finished-at="2024-08-30T15:19:34 IST" duration-ms="10244" status="PASS">
          <reporter-output>
          </reporter-output>
        </test-method> <!-- TESTCASES49 -->
        <test-method is-config="true" signature="setUp()[pri:0, instance:test_classes.shardaaaaa@5d534f5d]" started-at="2024-08-30T15:19:34 IST" name="setUp" finished-at="2024-08-30T15:19:37 IST" duration-ms="3358" status="PASS">
          <reporter-output>
          </reporter-output>
        </test-method> <!-- setUp -->
        <test-method signature="TESTCASES50()[pri:50, instance:test_classes.shardaaaaa@5d534f5d]" started-at="2024-08-30T15:19:37 IST" name="TESTCASES50" finished-at="2024-08-30T15:19:47 IST" duration-ms="10093" status="PASS">
          <reporter-output>
          </reporter-output>
        </test-method> <!-- TESTCASES50 -->
        <test-method is-config="true" signature="setUp()[pri:0, instance:test_classes.shardaaaaa@5d534f5d]" started-at="2024-08-30T15:19:47 IST" name="setUp" finished-at="2024-08-30T15:19:51 IST" duration-ms="3459" status="PASS">
          <reporter-output>
          </reporter-output>
        </test-method> <!-- setUp -->
        <test-method signature="TESTCASES51()[pri:51, instance:test_classes.shardaaaaa@5d534f5d]" started-at="2024-08-30T15:19:51 IST" name="TESTCASES51" finished-at="2024-08-30T15:20:01 IST" duration-ms="10293" status="PASS">
          <reporter-output>
          </reporter-output>
        </test-method> <!-- TESTCASES51 -->
        <test-method is-config="true" signature="setUp()[pri:0, instance:test_classes.shardaaaaa@5d534f5d]" started-at="2024-08-30T15:20:01 IST" name="setUp" finished-at="2024-08-30T15:20:04 IST" duration-ms="3268" status="PASS">
          <reporter-output>
          </reporter-output>
        </test-method> <!-- setUp -->
        <test-method signature="TESTCASES52()[pri:52, instance:test_classes.shardaaaaa@5d534f5d]" started-at="2024-08-30T15:20:04 IST" name="TESTCASES52" finished-at="2024-08-30T15:20:14 IST" duration-ms="9829" status="PASS">
          <reporter-output>
          </reporter-output>
        </test-method> <!-- TESTCASES52 -->
        <test-method is-config="true" signature="setUp()[pri:0, instance:test_classes.shardaaaaa@5d534f5d]" started-at="2024-08-30T15:20:14 IST" name="setUp" finished-at="2024-08-30T15:20:17 IST" duration-ms="3217" status="PASS">
          <reporter-output>
          </reporter-output>
        </test-method> <!-- setUp -->
        <test-method signature="TESTCASES53()[pri:53, instance:test_classes.shardaaaaa@5d534f5d]" started-at="2024-08-30T15:20:17 IST" name="TESTCASES53" finished-at="2024-08-30T15:20:28 IST" duration-ms="10264" status="PASS">
          <reporter-output>
          </reporter-output>
        </test-method> <!-- TESTCASES53 -->
        <test-method is-config="true" signature="setUp()[pri:0, instance:test_classes.shardaaaaa@5d534f5d]" started-at="2024-08-30T15:20:28 IST" name="setUp" finished-at="2024-08-30T15:20:31 IST" duration-ms="3354" status="PASS">
          <reporter-output>
          </reporter-output>
        </test-method> <!-- setUp -->
        <test-method signature="TESTCASES54()[pri:54, instance:test_classes.shardaaaaa@5d534f5d]" started-at="2024-08-30T15:20:31 IST" name="TESTCASES54" finished-at="2024-08-30T15:20:41 IST" duration-ms="10055" status="PASS">
          <reporter-output>
          </reporter-output>
        </test-method> <!-- TESTCASES54 -->
        <test-method is-config="true" signature="setUp()[pri:0, instance:test_classes.shardaaaaa@5d534f5d]" started-at="2024-08-30T15:20:41 IST" name="setUp" finished-at="2024-08-30T15:20:44 IST" duration-ms="3455" status="PASS">
          <reporter-output>
          </reporter-output>
        </test-method> <!-- setUp -->
        <test-method signature="TESTCASES55()[pri:55, instance:test_classes.shardaaaaa@5d534f5d]" started-at="2024-08-30T15:20:44 IST" name="TESTCASES55" finished-at="2024-08-30T15:20:55 IST" duration-ms="10167" status="PASS">
          <reporter-output>
          </reporter-output>
        </test-method> <!-- TESTCASES55 -->
        <test-method is-config="true" signature="setUp()[pri:0, instance:test_classes.shardaaaaa@5d534f5d]" started-at="2024-08-30T15:20:55 IST" name="setUp" finished-at="2024-08-30T15:20:58 IST" duration-ms="3150" status="PASS">
          <reporter-output>
          </reporter-output>
        </test-method> <!-- setUp -->
        <test-method signature="TESTCASES56()[pri:56, instance:test_classes.shardaaaaa@5d534f5d]" started-at="2024-08-30T15:20:58 IST" name="TESTCASES56" finished-at="2024-08-30T15:21:08 IST" duration-ms="10041" status="PASS">
          <reporter-output>
          </reporter-output>
        </test-method> <!-- TESTCASES56 -->
        <test-method is-config="true" signature="setUp()[pri:0, instance:test_classes.shardaaaaa@5d534f5d]" started-at="2024-08-30T15:21:08 IST" name="setUp" finished-at="2024-08-30T15:21:11 IST" duration-ms="3342" status="PASS">
          <reporter-output>
          </reporter-output>
        </test-method> <!-- setUp -->
        <test-method signature="TESTCASES57()[pri:57, instance:test_classes.shardaaaaa@5d534f5d]" started-at="2024-08-30T15:21:11 IST" name="TESTCASES57" finished-at="2024-08-30T15:21:21 IST" duration-ms="9868" status="PASS">
          <reporter-output>
          </reporter-output>
        </test-method> <!-- TESTCASES57 -->
        <test-method is-config="true" signature="setUp()[pri:0, instance:test_classes.shardaaaaa@5d534f5d]" started-at="2024-08-30T15:21:21 IST" name="setUp" finished-at="2024-08-30T15:21:24 IST" duration-ms="3313" status="PASS">
          <reporter-output>
          </reporter-output>
        </test-method> <!-- setUp -->
        <test-method signature="TESTCASES58()[pri:58, instance:test_classes.shardaaaaa@5d534f5d]" started-at="2024-08-30T15:21:24 IST" name="TESTCASES58" finished-at="2024-08-30T15:21:34 IST" duration-ms="10060" status="PASS">
          <reporter-output>
          </reporter-output>
        </test-method> <!-- TESTCASES58 -->
        <test-method is-config="true" signature="setUp()[pri:0, instance:test_classes.shardaaaaa@5d534f5d]" started-at="2024-08-30T15:21:34 IST" name="setUp" finished-at="2024-08-30T15:21:38 IST" duration-ms="3154" status="PASS">
          <reporter-output>
          </reporter-output>
        </test-method> <!-- setUp -->
        <test-method signature="TESTCASES59()[pri:59, instance:test_classes.shardaaaaa@5d534f5d]" started-at="2024-08-30T15:21:38 IST" name="TESTCASES59" finished-at="2024-08-30T15:21:43 IST" duration-ms="5619" status="PASS">
          <reporter-output>
          </reporter-output>
        </test-method> <!-- TESTCASES59 -->
        <test-method is-config="true" signature="setUp()[pri:0, instance:test_classes.shardaaaaa@5d534f5d]" started-at="2024-08-30T15:21:43 IST" name="setUp" finished-at="2024-08-30T15:21:46 IST" duration-ms="2969" status="PASS">
          <reporter-output>
          </reporter-output>
        </test-method> <!-- setUp -->
        <test-method signature="TESTCASES60()[pri:60, instance:test_classes.shardaaaaa@5d534f5d]" started-at="2024-08-30T15:21:46 IST" name="TESTCASES60" finished-at="2024-08-30T15:21:52 IST" duration-ms="5761" status="PASS">
          <reporter-output>
          </reporter-output>
        </test-method> <!-- TESTCASES60 -->
        <test-method is-config="true" signature="setUp()[pri:0, instance:test_classes.shardaaaaa@5d534f5d]" started-at="2024-08-30T15:21:52 IST" name="setUp" finished-at="2024-08-30T15:21:55 IST" duration-ms="3351" status="PASS">
          <reporter-output>
          </reporter-output>
        </test-method> <!-- setUp -->
        <test-method signature="TESTCASES61()[pri:61, instance:test_classes.shardaaaaa@5d534f5d]" started-at="2024-08-30T15:21:55 IST" name="TESTCASES61" finished-at="2024-08-30T15:22:01 IST" duration-ms="5852" status="PASS">
          <reporter-output>
          </reporter-output>
        </test-method> <!-- TESTCASES61 -->
        <test-method is-config="true" signature="setUp()[pri:0, instance:test_classes.shardaaaaa@5d534f5d]" started-at="2024-08-30T15:22:01 IST" name="setUp" finished-at="2024-08-30T15:22:05 IST" duration-ms="3474" status="PASS">
          <reporter-output>
          </reporter-output>
        </test-method> <!-- setUp -->
        <test-method signature="TESTCASES62()[pri:62, instance:test_classes.shardaaaaa@5d534f5d]" started-at="2024-08-30T15:22:05 IST" name="TESTCASES62" finished-at="2024-08-30T15:22:10 IST" duration-ms="5769" status="PASS">
          <reporter-output>
          </reporter-output>
        </test-method> <!-- TESTCASES62 -->
        <test-method is-config="true" signature="setUp()[pri:0, instance:test_classes.shardaaaaa@5d534f5d]" started-at="2024-08-30T15:22:10 IST" name="setUp" finished-at="2024-08-30T15:22:14 IST" duration-ms="3214" status="PASS">
          <reporter-output>
          </reporter-output>
        </test-method> <!-- setUp -->
        <test-method signature="TESTCASES63()[pri:63, instance:test_classes.shardaaaaa@5d534f5d]" started-at="2024-08-30T15:22:14 IST" name="TESTCASES63" finished-at="2024-08-30T15:22:19 IST" duration-ms="5718" status="PASS">
          <reporter-output>
          </reporter-output>
        </test-method> <!-- TESTCASES63 -->
        <test-method is-config="true" signature="setUp()[pri:0, instance:test_classes.shardaaaaa@5d534f5d]" started-at="2024-08-30T15:22:19 IST" name="setUp" finished-at="2024-08-30T15:22:22 IST" duration-ms="3095" status="PASS">
          <reporter-output>
          </reporter-output>
        </test-method> <!-- setUp -->
        <test-method signature="TESTCASES64()[pri:64, instance:test_classes.shardaaaaa@5d534f5d]" started-at="2024-08-30T15:22:22 IST" name="TESTCASES64" finished-at="2024-08-30T15:22:28 IST" duration-ms="5666" status="PASS">
          <reporter-output>
          </reporter-output>
        </test-method> <!-- TESTCASES64 -->
        <test-method is-config="true" signature="setUp()[pri:0, instance:test_classes.shardaaaaa@5d534f5d]" started-at="2024-08-30T15:22:28 IST" name="setUp" finished-at="2024-08-30T15:22:31 IST" duration-ms="2987" status="PASS">
          <reporter-output>
          </reporter-output>
        </test-method> <!-- setUp -->
        <test-method signature="TESTCASES65()[pri:65, instance:test_classes.shardaaaaa@5d534f5d]" started-at="2024-08-30T15:22:31 IST" name="TESTCASES65" finished-at="2024-08-30T15:22:37 IST" duration-ms="5831" status="PASS">
          <reporter-output>
          </reporter-output>
        </test-method> <!-- TESTCASES65 -->
        <test-method is-config="true" signature="setUp()[pri:0, instance:test_classes.shardaaaaa@5d534f5d]" started-at="2024-08-30T15:22:37 IST" name="setUp" finished-at="2024-08-30T15:22:40 IST" duration-ms="3104" status="PASS">
          <reporter-output>
          </reporter-output>
        </test-method> <!-- setUp -->
        <test-method signature="TESTCASES66()[pri:66, instance:test_classes.shardaaaaa@5d534f5d]" started-at="2024-08-30T15:22:40 IST" name="TESTCASES66" finished-at="2024-08-30T15:22:46 IST" duration-ms="5780" status="PASS">
          <reporter-output>
          </reporter-output>
        </test-method> <!-- TESTCASES66 -->
        <test-method is-config="true" signature="setUp()[pri:0, instance:test_classes.shardaaaaa@5d534f5d]" started-at="2024-08-30T15:22:46 IST" name="setUp" finished-at="2024-08-30T15:22:49 IST" duration-ms="3080" status="PASS">
          <reporter-output>
          </reporter-output>
        </test-method> <!-- setUp -->
        <test-method signature="TESTCASES67()[pri:67, instance:test_classes.shardaaaaa@5d534f5d]" started-at="2024-08-30T15:22:49 IST" name="TESTCASES67" finished-at="2024-08-30T15:22:55 IST" duration-ms="5854" status="PASS">
          <reporter-output>
          </reporter-output>
        </test-method> <!-- TESTCASES67 -->
        <test-method is-config="true" signature="setUp()[pri:0, instance:test_classes.shardaaaaa@5d534f5d]" started-at="2024-08-30T15:22:55 IST" name="setUp" finished-at="2024-08-30T15:22:58 IST" duration-ms="3181" status="PASS">
          <reporter-output>
          </reporter-output>
        </test-method> <!-- setUp -->
        <test-method signature="TESTCASES68()[pri:68, instance:test_classes.shardaaaaa@5d534f5d]" started-at="2024-08-30T15:22:58 IST" name="TESTCASES68" finished-at="2024-08-30T15:23:04 IST" duration-ms="5979" status="PASS">
          <reporter-output>
          </reporter-output>
        </test-method> <!-- TESTCASES68 -->
        <test-method is-config="true" signature="setUp()[pri:0, instance:test_classes.shardaaaaa@5d534f5d]" started-at="2024-08-30T15:23:04 IST" name="setUp" finished-at="2024-08-30T15:23:08 IST" duration-ms="3773" status="PASS">
          <reporter-output>
          </reporter-output>
        </test-method> <!-- setUp -->
        <test-method signature="TESTCASES69()[pri:69, instance:test_classes.shardaaaaa@5d534f5d]" started-at="2024-08-30T15:23:08 IST" name="TESTCASES69" finished-at="2024-08-30T15:23:14 IST" duration-ms="5928" status="PASS">
          <reporter-output>
          </reporter-output>
        </test-method> <!-- TESTCASES69 -->
        <test-method is-config="true" signature="setUp()[pri:0, instance:test_classes.shardaaaaa@5d534f5d]" started-at="2024-08-30T15:23:14 IST" name="setUp" finished-at="2024-08-30T15:23:17 IST" duration-ms="2984" status="PASS">
          <reporter-output>
          </reporter-output>
        </test-method> <!-- setUp -->
        <test-method signature="TESTCASES70()[pri:70, instance:test_classes.shardaaaaa@5d534f5d]" started-at="2024-08-30T15:23:17 IST" name="TESTCASES70" finished-at="2024-08-30T15:23:27 IST" duration-ms="9936" status="PASS">
          <reporter-output>
          </reporter-output>
        </test-method> <!-- TESTCASES70 -->
        <test-method is-config="true" signature="setUp()[pri:0, instance:test_classes.shardaaaaa@5d534f5d]" started-at="2024-08-30T15:23:27 IST" name="setUp" finished-at="2024-08-30T15:23:30 IST" duration-ms="3083" status="PASS">
          <reporter-output>
          </reporter-output>
        </test-method> <!-- setUp -->
        <test-method signature="TESTCASES71()[pri:71, instance:test_classes.shardaaaaa@5d534f5d]" started-at="2024-08-30T15:23:30 IST" name="TESTCASES71" finished-at="2024-08-30T15:23:40 IST" duration-ms="10376" status="PASS">
          <reporter-output>
          </reporter-output>
        </test-method> <!-- TESTCASES71 -->
        <test-method is-config="true" signature="setUp()[pri:0, instance:test_classes.shardaaaaa@5d534f5d]" started-at="2024-08-30T15:23:40 IST" name="setUp" finished-at="2024-08-30T15:23:43 IST" duration-ms="3336" status="PASS">
          <reporter-output>
          </reporter-output>
        </test-method> <!-- setUp -->
        <test-method signature="TESTCASES72()[pri:72, instance:test_classes.shardaaaaa@5d534f5d]" started-at="2024-08-30T15:23:43 IST" name="TESTCASES72" finished-at="2024-08-30T15:23:53 IST" duration-ms="10074" status="PASS">
          <reporter-output>
          </reporter-output>
        </test-method> <!-- TESTCASES72 -->
        <test-method is-config="true" signature="setUp()[pri:0, instance:test_classes.shardaaaaa@5d534f5d]" started-at="2024-08-30T15:23:53 IST" name="setUp" finished-at="2024-08-30T15:23:57 IST" duration-ms="3329" status="PASS">
          <reporter-output>
          </reporter-output>
        </test-method> <!-- setUp -->
        <test-method signature="TESTCASES73()[pri:73, instance:test_classes.shardaaaaa@5d534f5d]" started-at="2024-08-30T15:23:57 IST" name="TESTCASES73" finished-at="2024-08-30T15:24:07 IST" duration-ms="10142" status="PASS">
          <reporter-output>
          </reporter-output>
        </test-method> <!-- TESTCASES73 -->
        <test-method is-config="true" signature="setUp()[pri:0, instance:test_classes.shardaaaaa@5d534f5d]" started-at="2024-08-30T15:24:07 IST" name="setUp" finished-at="2024-08-30T15:24:17 IST" duration-ms="9835" status="PASS">
          <reporter-output>
          </reporter-output>
        </test-method> <!-- setUp -->
        <test-method signature="TESTCASES74()[pri:74, instance:test_classes.shardaaaaa@5d534f5d]" started-at="2024-08-30T15:24:17 IST" name="TESTCASES74" finished-at="2024-08-30T15:24:27 IST" duration-ms="10173" status="PASS">
          <reporter-output>
          </reporter-output>
        </test-method> <!-- TESTCASES74 -->
        <test-method is-config="true" signature="setUp()[pri:0, instance:test_classes.shardaaaaa@5d534f5d]" started-at="2024-08-30T15:24:27 IST" name="setUp" finished-at="2024-08-30T15:24:30 IST" duration-ms="3459" status="PASS">
          <reporter-output>
          </reporter-output>
        </test-method> <!-- setUp -->
        <test-method signature="TESTCASES75()[pri:75, instance:test_classes.shardaaaaa@5d534f5d]" started-at="2024-08-30T15:24:30 IST" name="TESTCASES75" finished-at="2024-08-30T15:24:41 IST" duration-ms="10210" status="PASS">
          <reporter-output>
          </reporter-output>
        </test-method> <!-- TESTCASES75 -->
        <test-method is-config="true" signature="setUp()[pri:0, instance:test_classes.shardaaaaa@5d534f5d]" started-at="2024-08-30T15:24:41 IST" name="setUp" finished-at="2024-08-30T15:24:44 IST" duration-ms="3372" status="PASS">
          <reporter-output>
          </reporter-output>
        </test-method> <!-- setUp -->
        <test-method signature="TESTCASES76()[pri:76, instance:test_classes.shardaaaaa@5d534f5d]" started-at="2024-08-30T15:24:44 IST" name="TESTCASES76" finished-at="2024-08-30T15:24:54 IST" duration-ms="10387" status="PASS">
          <reporter-output>
          </reporter-output>
        </test-method> <!-- TESTCASES76 -->
        <test-method is-config="true" signature="setUp()[pri:0, instance:test_classes.shardaaaaa@5d534f5d]" started-at="2024-08-30T15:24:54 IST" name="setUp" finished-at="2024-08-30T15:24:57 IST" duration-ms="3156" status="PASS">
          <reporter-output>
          </reporter-output>
        </test-method> <!-- setUp -->
        <test-method signature="TESTCASES77()[pri:77, instance:test_classes.shardaaaaa@5d534f5d]" started-at="2024-08-30T15:24:57 IST" name="TESTCASES77" finished-at="2024-08-30T15:25:08 IST" duration-ms="10212" status="PASS">
          <reporter-output>
          </reporter-output>
        </test-method> <!-- TESTCASES77 -->
        <test-method is-config="true" signature="setUp()[pri:0, instance:test_classes.shardaaaaa@5d534f5d]" started-at="2024-08-30T15:25:08 IST" name="setUp" finished-at="2024-08-30T15:25:11 IST" duration-ms="2960" status="PASS">
          <reporter-output>
          </reporter-output>
        </test-method> <!-- setUp -->
        <test-method signature="TESTCASES78()[pri:78, instance:test_classes.shardaaaaa@5d534f5d]" started-at="2024-08-30T15:25:11 IST" name="TESTCASES78" finished-at="2024-08-30T15:25:21 IST" duration-ms="10158" status="PASS">
          <reporter-output>
          </reporter-output>
        </test-method> <!-- TESTCASES78 -->
        <test-method is-config="true" signature="setUp()[pri:0, instance:test_classes.shardaaaaa@5d534f5d]" started-at="2024-08-30T15:25:21 IST" name="setUp" finished-at="2024-08-30T15:25:24 IST" duration-ms="3197" status="PASS">
          <reporter-output>
          </reporter-output>
        </test-method> <!-- setUp -->
        <test-method signature="TESTCASES79()[pri:79, instance:test_classes.shardaaaaa@5d534f5d]" started-at="2024-08-30T15:25:24 IST" name="TESTCASES79" finished-at="2024-08-30T15:25:34 IST" duration-ms="10285" status="PASS">
          <reporter-output>
          </reporter-output>
        </test-method> <!-- TESTCASES79 -->
        <test-method is-config="true" signature="setUp()[pri:0, instance:test_classes.shardaaaaa@5d534f5d]" started-at="2024-08-30T15:25:34 IST" name="setUp" finished-at="2024-08-30T15:25:37 IST" duration-ms="3138" status="PASS">
          <reporter-output>
          </reporter-output>
        </test-method> <!-- setUp -->
        <test-method signature="TESTCASES80()[pri:80, instance:test_classes.shardaaaaa@5d534f5d]" started-at="2024-08-30T15:25:37 IST" name="TESTCASES80" finished-at="2024-08-30T15:25:48 IST" duration-ms="10314" status="PASS">
          <reporter-output>
          </reporter-output>
        </test-method> <!-- TESTCASES80 -->
        <test-method is-config="true" signature="tearDown()[pri:0, instance:test_classes.shardaaaaa@5d534f5d]" started-at="2024-08-30T15:25:48 IST" name="tearDown" finished-at="2024-08-30T15:25:48 IST" duration-ms="0" status="PASS">
          <reporter-output>
          </reporter-output>
        </test-method> <!-- tearDown -->
      </class> <!-- test_classes.shardaaaaa -->
    </test> <!-- Default test -->
  </suite> <!-- Default suite -->
</testng-results>
